1	08:34:02	To cover the detected markers, 13 masks are needed. 8 marker masks were omitted, since the maximum number of masks is 5.	To cover the detected markers, 13 masks are needed. 8 marker masks were omitted, since the maximum number of masks is 5.
1	08:34:02	To cover the detected markers, 11 masks are needed. 6 marker masks were omitted, since the maximum number of masks is 5.	To cover the detected markers, 11 masks are needed. 6 marker masks were omitted, since the maximum number of masks is 5.
1	08:34:02	To cover the detected markers, 9 masks are needed. 4 marker masks were omitted, since the maximum number of masks is 5.	To cover the detected markers, 9 masks are needed. 4 marker masks were omitted, since the maximum number of masks is 5.
1	08:34:02	To cover the detected markers, 6 masks are needed. 1 marker masks were omitted, since the maximum number of masks is 5.	To cover the detected markers, 6 masks are needed. 1 marker masks were omitted, since the maximum number of masks is 5.
1	08:34:02	To cover the detected markers, 12 masks are needed. 7 marker masks were omitted, since the maximum number of masks is 5.	To cover the detected markers, 12 masks are needed. 7 marker masks were omitted, since the maximum number of masks is 5.
1	08:34:32	To cover the detected markers, 12 masks are needed. 7 marker masks were omitted, since the maximum number of masks is 5.	To cover the detected markers, 12 masks are needed. 7 marker masks were omitted, since the maximum number of masks is 5.
1	08:34:32	To cover the detected markers, 10 masks are needed. 5 marker masks were omitted, since the maximum number of masks is 5.	To cover the detected markers, 10 masks are needed. 5 marker masks were omitted, since the maximum number of masks is 5.
1	08:34:32	To cover the detected markers, 9 masks are needed. 4 marker masks were omitted, since the maximum number of masks is 5.	To cover the detected markers, 9 masks are needed. 4 marker masks were omitted, since the maximum number of masks is 5.
1	08:34:32	To cover the detected markers, 7 masks are needed. 2 marker masks were omitted, since the maximum number of masks is 5.	To cover the detected markers, 7 masks are needed. 2 marker masks were omitted, since the maximum number of masks is 5.
1	08:34:32	To cover the detected markers, 11 masks are needed. 6 marker masks were omitted, since the maximum number of masks is 5.	To cover the detected markers, 11 masks are needed. 6 marker masks were omitted, since the maximum number of masks is 5.
1	08:35:03	To cover the detected markers, 9 masks are needed. 4 marker masks were omitted, since the maximum number of masks is 5.	To cover the detected markers, 9 masks are needed. 4 marker masks were omitted, since the maximum number of masks is 5.
1	08:35:03	To cover the detected markers, 11 masks are needed. 6 marker masks were omitted, since the maximum number of masks is 5.	To cover the detected markers, 11 masks are needed. 6 marker masks were omitted, since the maximum number of masks is 5.
1	08:35:03	To cover the detected markers, 9 masks are needed. 4 marker masks were omitted, since the maximum number of masks is 5.	To cover the detected markers, 9 masks are needed. 4 marker masks were omitted, since the maximum number of masks is 5.
1	08:35:03	To cover the detected markers, 13 masks are needed. 8 marker masks were omitted, since the maximum number of masks is 5.	To cover the detected markers, 13 masks are needed. 8 marker masks were omitted, since the maximum number of masks is 5.
1	08:40:48	To cover the detected markers, 11 masks are needed. 6 marker masks were omitted, since the maximum number of masks is 5.	To cover the detected markers, 11 masks are needed. 6 marker masks were omitted, since the maximum number of masks is 5.
1	08:40:48	To cover the detected markers, 8 masks are needed. 3 marker masks were omitted, since the maximum number of masks is 5.	To cover the detected markers, 8 masks are needed. 3 marker masks were omitted, since the maximum number of masks is 5.
1	08:40:48	To cover the detected markers, 6 masks are needed. 1 marker masks were omitted, since the maximum number of masks is 5.	To cover the detected markers, 6 masks are needed. 1 marker masks were omitted, since the maximum number of masks is 5.
1	08:40:48	To cover the detected markers, 8 masks are needed. 3 marker masks were omitted, since the maximum number of masks is 5.	To cover the detected markers, 8 masks are needed. 3 marker masks were omitted, since the maximum number of masks is 5.
1	13:00:40	Disconnected	
1	13:00:47	Realtime started	
1	13:03:23	File created	
1	13:03:23	File saved as C:\Users\Hydrolab\Documents\Qualisys_Default_MCLab\Calibrations\20250905_130122.qca	
1	13:03:24	Calibration started	
1	13:03:24	Calibration finished after 0.1943 seconds	
1	13:03:24	File saved as C:\Users\Hydrolab\Documents\Qualisys_Default_MCLab\Calibrations\20250905_130122_FAILED.qca	
1	13:04:18	File closed	
1	13:04:20	Realtime started	
1	13:15:42	File created	
1	13:15:42	File saved as C:\Users\Hydrolab\Documents\Qualisys_Default_MCLab\Calibrations\20250905_131341.qca	
1	13:15:43	Calibration started	
1	13:15:43	Calibration finished after 0.5207 seconds	
1	13:15:43	File saved as C:\Users\Hydrolab\Documents\Qualisys_Default_MCLab\Calibrations\20250905_131341_FAILED.qca	
1	13:18:14	Calibration started	
1	13:18:15	Calibration finished after 0.4790 seconds	
1	13:28:55	File closed	
1	13:28:56	Realtime started	
1	14:08:19	Disconnected	
1	14:08:37	Realtime started	
1	14:13:02	Disconnected	
1	14:13:19	Realtime started	
1	14:41:49	Disconnected	
1	14:42:09	Realtime started	
1	17:36:11	Disconnected	
